nohup: ignoring input
['MergedResults', 'MobiPurpose', 'MobiPurposeDB', 'admin', 'config', 'local']
Connected: mongodb://kelyao:happy0416!MG@duke.eecs.umich.edu:27017/?ssl=true
com.olacabs.oladriver
'Item not found.' 1 com.afzalshaikhali786.paybox
us.zoom.videomeetings
com.infraware.office.link
com.box.android
com.metropcs.service.vvm
com.asus.ia.asusapp
com.netqin.ps
com.facebook.pages.app
com.indeed.android.jobsearch
com.mobisystems.fileman
com.mobisystems.office
mobi.gokid
viavan.rider
'Item not found.' 14 com.gojuno.driver
com.taxigo.taksojuht.ee
com.kotektak.anterin
com.seatel.mobilehall
com.hp.android.printservice
com.dropbox.android
com.microsoft.office.powerpoint
com.microsoft.office.excel
'Item not found.' 22 com.cbp.scratchcardcashback
com.STSelfCare.STApp
com.microsoft.skydrive
com.microsoft.office.word
com.vialsoft.radarbot_free
'Item not found.' 27 com.infiniumsolutionzgsrtc.myapplication
'Item not found.' 28 com.tom.medical.obdating
'Item not found.' 29 com.bryanestrada.waitforit
com.tadzio.orgapreter
'Item not found.' 31 com.dcmetroapps.bussearchdc
'Item not found.' 32 com.kpz.pomodorotasks.activity
'Item not found.' 33 com.mobi.itodo
'Item not found.' 34 jp.ievolution.fantasista
com.graceful3715.mycar
'Item not found.' 36 com.andrewakker.nextbus
'Item not found.' 37 com.makemobile.coursepro.trial
'Item not found.' 38 com.vip.perfectring
com.bookmark.money
'Item not found.' 40 com.philanaaurelia.counterone
frb.scoreboarddroid
'Item not found.' 42 ac.core
'Item not found.' 43 com.chasegreiner.tallyupv1
'Item not found.' 44 de.sk8dev.skatetut
com.qnap.qmail
com.otoreport.master
com.codokeyboards.Punjabi.language.keyboard.app
com.concavetech.ndncensus
xbean.image.picture.translate.ocr
com.talview.candidate
com.emre.androbooster
com.aera.Aera_Restaurant
mysmallandroidapp.quittanceautomatique
'Item not found.' 54 m.wc
com.siroccomobile.volleyballchampionship2014
'Item not found.' 56 com.bhimz.fquizchamp
'Item not found.' 57 com.MaximTitarenko.FootballWorldcup
com.media5.FreeKickFootball
'Item not found.' 59 air.GISMobile_Imperious
'Item not found.' 60 mahes.systems.android.taskreminder
'Item not found.' 61 com.aplicacionsweb.simplelogcalculatorfree
com.skouino.tc
'Item not found.' 63 com.oneandus.reseller
'Item not found.' 64 xenodata.mis
'Item not found.' 65 fi.haltu.standapplite
'Item not found.' 66 com.handwindow.apps.quotaguard.en
'Item not found.' 67 com.handwindow.apps.quotaguard.cn
com.jio.myjio
com.maxlife.app
com.loadcentral.uniwiz
com.airwatch.androidagent
'Item not found.' 72 com.Big.Cash.apk
'Item not found.' 73 team.dev.epro.apkcustom
com.sec.android.app.sbrowser
com.google.android.apps.tachyon
com.skype.raider
com.sec.spp.push
com.google.android.talk
com.google.android.gm
'Item not found.' 80 com.momok.bokep.terbaru
'Item not found.' 81 digitalphotoapps.firiendsearchonwhatsapp
'Item not found.' 82 telegram.movies
com.enflick.android.tn2ndLine
'Item not found.' 84 jp.tech4u.ameshpf
com.talkatone.android
'Item not found.' 86 jp.co.quel.GPSLapTimer.Lite
mobi.infolife.ezweather
'Item not found.' 88 com.midlandroid.apps.android.laptimer
'Item not found.' 89 excelarz.apps.sportsEye.Basketball.ncaa.lite
'Item not found.' 90 com.avocado.scoreboardfree
'Item not found.' 91 com.imobile.gmac
'Item not found.' 92 fiverings.snooker
com.paytmfirstgames
'Item not found.' 94 com.mozzartbet
'Item not found.' 95 ru.app.a4rabetapp
com.wouterapps.s143493.EssentialScoreboardAds
net.livetechnologies.airtel.mysports
predictor.crick.informer
'Item not found.' 99 andro.games.infotech.taxaal1
com.midasplayer.apps.bubblewitchsaga2
com.supercell.hayday
com.king.petrescuesaga
com.king.farmheroessaga
com.mobileguru.candyfever.free
com.mobileguru.fruitsbomb.free
com.mobileguru.sweet.candyfever.free
com.sweetfuirt.candy
'Item not found.' 108 fr.testudo.spacesim
air.com.eu.inove.sss2
com.JavierGomezPereda.MakeYourSolarSystem
'Item not found.' 111 com.KimAndKevin.SpaceSloth
'Item not found.' 112 com.ig.simulator.roller.park.ride.game
'Item not found.' 113 com.orbital.game.android
'Item not found.' 114 com.playmechanics.spacegoat2
'Item not found.' 115 com.clickbangplay.spaceshuttleflightsimulator
com.alfray.asqare
'Item not found.' 117 com.example.amazed
'Item not found.' 118 dumb1.game
'Item not found.' 119 edu.bsu.pvgestwicki.dots
'Item not found.' 120 pack.stump
'Item not found.' 121 air.com.terrypaton.BoingBoingSanta
com.sega.sonicdash
com.rovio.angrybirdsspace.ads
'Item not found.' 124 com.a1.game.vszombies
com.tinyco.familyguy
'Item not found.' 126 com.gameloft.android.ANMP.GloftJDHM
com.renderedideas.jungleadventures
com.gameloft.android.ANMP.GloftIVHM
'Item not found.' 129 com.roidgame.zombieville
'Item not found.' 130 it.gizz.android.paintzoom.template4
'Item not found.' 131 drag.tastic
'Item not found.' 132 com.example.android.snake
'Item not found.' 133 com.example.android.lunarlander
com.netease.lztglite
'Item not found.' 135 com.google.clickin2dabeat
'Item not found.' 136 com.zingball
'Item not found.' 137 com.tulrich.flingers
'Item not found.' 138 com.parijatsahai.animals
com.sandboxol.blockymods
'Item not found.' 140 com.sarvallc
'Item not found.' 141 com.reeyees.retroplanetattacklite
'Item not found.' 142 twinfeats.taxirun.trial
'Item not found.' 143 com.AFTDMedia.copterhelicoptero
'Item not found.' 144 com.desert.manna
'Item not found.' 145 air.geometricsfree
'Item not found.' 146 com.crystalfortress.NeverHaveIEver
'Item not found.' 147 com.studio3wg.citybussimulator
kuri.PsychologyTest
com.Locos.MBS
'Item not found.' 150 com.door.modern.bus.driver.simulator
'Item not found.' 151 com.spk.offroad.prison.coach.driver
'Item not found.' 152 com.ovilex.bussimulator3d
air.jp.globalgear.kura
'Item not found.' 154 jp.co.highlab.uchidan
com.ipanormamii.mazeandmarblesII
net.onionsoft.hsptv.rankup
com.owngames.tahubulat
com.ormeo.monstertruckgame.truckgames.racegame.monsterlegends.monstertrucks.master
com.FlightSimulator.Airplane.city.pilotflight.mountain.aeroplane.games
'Item not found.' 160 com.airportfree.ebookmania
'Item not found.' 161 com.blogspot.richardsappstore.games.findyourfortune
'Item not found.' 162 com.crystalgeyserasw.crystalgeyser
'Item not found.' 163 com.FreeOnlineGames.LondonTaxiLicense
'Item not found.' 164 com.sjw.buildcoin
com.i6.TruckSimulator3D
'Item not found.' 166 com.emrosswar.jp
'Item not found.' 167 com.project.aquasuika
'Item not found.' 168 com.goat.gone.wild.simulator.free
'Item not found.' 169 com.michako.meshimazu
'Item not found.' 170 jp.klab.senbus.android
'Item not found.' 171 com.daniRodriguez.SpaceDrive3d
com.JanRaacke.HandDrill
'Item not found.' 173 com.games3dhere.f35simulator
com.ouzhanuglu.motorbike
'Item not found.' 175 com.anakare.oooku801
'Item not found.' 176 com.quicktimeeventgame.parody
'Item not found.' 177 com.ldw.vv4free
'Item not found.' 178 com.polarbit.f1
com.androiddevelopermx.blogspot.muscles3d
'Item not found.' 180 com.gemgames.train.simulator
'Item not found.' 181 com.mp.sheriffpoliceparking
'Item not found.' 182 com.slinkyapps.halloweenparking
'Item not found.' 183 it.cefriel.swa.urbanopoly.client.game
'Item not found.' 184 com.absmech.smart.car.park.sim.game
'Item not found.' 185 com.sim.dr.car.parking.free
com.feverup.fever
'Item not found.' 187 com.tuning.street.rally.car
'Item not found.' 188 com.rodriguez.saul.flightgearpfdBasic
'Item not found.' 189 com.xulusoft.faceplayer
'Item not found.' 190 com.nlkengine.themonsterhunter
'Item not found.' 191 appinventor.ai_WTPAlexander.PaintPot
'Item not found.' 192 com.ManateeanStudio.Blattaria
'Item not found.' 193 com.monstertruck.simulator
'Item not found.' 194 mobi.tuy.TuyMachine
'Item not found.' 195 de.prog.frog.love
'Item not found.' 196 processing.test.clock
com.tymscar.PlaneSim
'Item not found.' 198 com.gmfr.crazy.dino.simulator3D
'Item not found.' 199 com.tracinggames.catsoundsginger
pt.apps2ppl.happysheep
'Item not found.' 201 com.potassiumfrog.eek
'Item not found.' 202 com.threed.air.simulation.flight
'Item not found.' 203 com.anaconda.attack.free
'Item not found.' 204 krasivei.apps.kidsdrag
'Item not found.' 205 com.turborocketgames.wildwolf
com.junglerunnazara.com.junglerun.nazara
com.raylightgames.MyLittleBaby.googleiap
'Item not found.' 208 com.lvmax.jp.google.redfire
'Item not found.' 209 jp.app.yakiniku
'Item not found.' 210 com.PolymorphicDissociation.PointlessButtons
'Item not found.' 211 touchtouch.game.shop.vegetable.vol1
'Item not found.' 212 com.kauf.jewels3d
'Item not found.' 213 com.Taha.arabasurmesimulasyon
'Item not found.' 214 com.opticomdataresearch.virtuallyhomeless
'Item not found.' 215 com.hrptechtictectoe
'Item not found.' 216 com.gamengo.flight.simulator
'Item not found.' 217 jp.app.monsterland
'Item not found.' 218 com.banansoftware.hungrysnaky
'Item not found.' 219 com.oznek.robocoron
com.wondershake.locari
jp.co.hit_point.nekoatsume
'Item not found.' 222 com.idtinc.ckchickandduck
'Item not found.' 223 in.toho_25
'Item not found.' 224 com.mp.segwaycrashtest3d
com.mobilesrepublic.appy
com.ncreativestudio.guess
com.patateam.burgermaster
'Item not found.' 228 com.greatplayer.tractorparking
'Item not found.' 229 com.starlight.talkingdino
'Item not found.' 230 com.Playerum.swipe
'Item not found.' 231 wfbcp.game.test.ReflexGame.free
'Item not found.' 232 com.chi.Suv2
'Item not found.' 233 goal.tone
'Item not found.' 234 com.nepik.snorbieslite
com.i6.truck_parking_fuel_truck
'Item not found.' 236 net.roundsoft.softcreamdx
'Item not found.' 237 com.was.city.garbage.truck.simulator
'Item not found.' 238 com.ovilex.trucksimulator3d
com.retrodreamer.IceCreamJump.android.free
'Item not found.' 240 com.ggs.heavy.excavator.landslide.rescue.op
'Item not found.' 241 com.divmob.kidsjigsawxmas
com.otterstudios.whichband
com.tg.modernheroflightsimulator
'Item not found.' 244 jp.app.wasyoku
'Item not found.' 245 en.scalesdev.words_quiz
'Item not found.' 246 com.jellycs.excavatormania3dsimulator
'Item not found.' 247 com.ggs.heavy.excavator.stone.cutter
'Item not found.' 248 com.jp.mecanical_jungle.games.otosanno_kenuki
com.danielviktorin.bussimulator
'Item not found.' 250 com.MaycomGames.CarGalleryVRCardboard
com.gt.bussimulator.driver.city.hillclimb
com.aksoft.medaldozer
'Item not found.' 253 com.zuuks.games.construction.simulator
com.gjj.trucksim3dsandtrans
com.Visuki.LH
com.gamegos.mobile.cafeland
jp.tecco.detectivedroid
'Item not found.' 258 com.worldwar.world_war_tank
'Item not found.' 259 jp.dicwizard.jukugoou
'Item not found.' 260 com.huseyindekin.e30trafik
com.ladikapps.tank.world.war2
'Item not found.' 262 jp.co.makit.flashlight
'Item not found.' 263 com.kingsoft.qcz.girlswar
'Item not found.' 264 com.ty.royallikes
'Item not found.' 265 com.smashinggeeks.parismetrotrainsimulator
com.unimob.frontier.wars2.kingdom
com.Farbflut.MafiaEmpire
'Item not found.' 268 com.PivotGames.ClashOfThieves
'Item not found.' 269 com.doodle.cheesetower
'Item not found.' 270 net.viking.cocos2dx.PromoteMelos
'Item not found.' 271 com.bemugames.a2m2g2bussim
'Item not found.' 272 com.Soifa.Pet.Lover.dress.up.games
'Item not found.' 273 com.craigahart.android.wavedefence
com.Anibox.Galaxytd.Tower.Defense
com.DinoData
'Item not found.' 276 in.Toho_fallgame5
'Item not found.' 277 com.schwimmer.android.barcontrol
'Item not found.' 278 com.drevelion.soplaburbujas
'Item not found.' 279 com.Pilorama.ThetruckDriverChernobyl
'Item not found.' 280 com.patosoft.alotr
'Item not found.' 281 com.klap.donut
com.diablins.android.leagueofquiz
'Item not found.' 283 com.AR.Live_Kitten_Tom_Survival
'Item not found.' 284 com.antennehessen.crazyfabi
com.k3games.donuthero.free
'Item not found.' 286 com.AB.MTD
com.greenlogger.tenis
guess.the.brand.logo.quiz.icomania
com.giraffegames.tabletennis3d
'Item not found.' 290 com.dnx.pinballclassic
it.smiledragon.kadteammgr
'Item not found.' 292 appnotch.sec.lyc2114
com.fromthebenchgames.nbamanager15
'Item not found.' 294 com.hime.sango
'Item not found.' 295 sidh.game.tictactoe
'Item not found.' 296 iplay.footballworldcupflick
'Item not found.' 297 com.baklabs.super_car.parking
'Item not found.' 298 com.ggs.tourist.busdriver
'Item not found.' 299 aracnestudios.velocityvc
'Item not found.' 300 jp.co.mapion.app.anago
'Item not found.' 301 com.gamer.six.plus
'Item not found.' 302 ru.smileappsandgames.hologram3dcashmoneyjoke
'Item not found.' 303 org.saby.jailrun
'Item not found.' 304 com.arcdatum.duckdefender
'Item not found.' 305 com.logicbomb.coinflip
'Item not found.' 306 com.gzglabs.kingsofduty
'Item not found.' 307 com.wpl.police.dog.training
'Item not found.' 308 com.gff.animal.transport.train
'Item not found.' 309 net.dorasa.iraira
'Item not found.' 310 com.what_games.pioneers
com.mnery.detetive
'Item not found.' 312 com.PrankCameraGhostDetector
'Item not found.' 313 com.freshmint.christmas
'Item not found.' 314 com.jarukstudio.runkubirun
'Item not found.' 315 com.games.robotjetskifull
'Item not found.' 316 com.apphappystudios.flappyfirefly
com.gs.offroad.car.driver.hill.drive
'Item not found.' 318 com.bulkypix.nitropia
'Item not found.' 319 com.doublefiregames.floppyspongy
'Item not found.' 320 com.JESoftware.BirdyHunter
'Item not found.' 321 com.simulation.c3g1
com.klap.bubbleprincess
com.sgs.offroad.coach.BusSimulator
'Item not found.' 324 m.zincpoh.draindownfreeee
'Item not found.' 325 com.designcreateplay.Paria
'Item not found.' 326 com.saubcy.games.puzzle.fokkersde.HongKong
'Item not found.' 327 de.gfred.psv
'Item not found.' 328 ru.iappsandigames.hologramgun3dsimulator
'Item not found.' 329 com.metric.masgaruda
'Item not found.' 330 com.saubcy.games.puzzle.fokkersde.MessageBottle
'Item not found.' 331 com.boomaapps.TrainGames
'Item not found.' 332 com.wei.andy.beauticardmatch
'Item not found.' 333 com.gmail.msesen.jumpy.candy
'Item not found.' 334 com.inspirednotion.pigattack
'Item not found.' 335 com.gls.CargoShip.VehiclesTransport
'Item not found.' 336 com.darkraptors.games.PrisonBird
com.gls.ModernSuper.CityTaxiDuty
'Item not found.' 338 com.neutron.ComeOnPopHD
'Item not found.' 339 com.morefuntek.ChienThan480x854
'Item not found.' 340 www.forexbattle.com.playstore
com.ivy.galaxyshooting.sky
'Item not found.' 342 com.MetronomeGames.MotoXWinterTrialsFree
'Item not found.' 343 com.timpitteloutlook.de.indiaraskullgold
'Item not found.' 344 com.inthepaprika.android.diagnoseblackco
'Item not found.' 345 com.redpill.BlitzbloxLite
'Item not found.' 346 us.app.yougyujyo
'Item not found.' 347 com.sptatsujin.donburi
'Item not found.' 348 com.hackingbrothers.lightningdicefree
'Item not found.' 349 com.jmjuanes.snakefruit
'Item not found.' 350 com.ismartapp.bestmodminecraft
br.com.alexmob.games.halley.comet
duckhero.balldodgemaster
'Item not found.' 353 com.tractor.hillclimp
'Item not found.' 354 com.Bismarck.Slime2
com.dddigit.petfacemoving0096
'Item not found.' 356 com.pixusoft.csgocaseextra
com.tapcell.wild.bull.city.simulator
'Item not found.' 358 com.brink3d.angryyeti
'Item not found.' 359 com.bluegoatgames.com.floppyfish
'Item not found.' 360 com.micube.nowhite
'Item not found.' 361 com.loganlebanoffknights.ucf.edu.flappyzach
'Item not found.' 362 com.top3dgamers.milk.delivery.truck.simulator
'Item not found.' 363 com.Vmadeit.ZombieBird
com.i6.Plane4
'Item not found.' 365 net.softii.iSmashIt
'Item not found.' 366 iosdevelopers.lillyleap
pyramid.hologram.ph3d
'Item not found.' 368 com.TODsGames.FiftyWave
com.eweapons.ultimatetoygunssim
'Item not found.' 370 com.pk.sid
com.dodge.quest
'Item not found.' 372 com.tabtale.babyairport
'Item not found.' 373 com.apargames.minigame
'Item not found.' 374 com.barakagames.train.simulation.world.game
'Item not found.' 375 com.ginsto.spacedodger
com.cchip.ARMechanicalWar
'Item not found.' 377 com.robodeveloper.stungun
'Item not found.' 378 com.hottagame.moneyrain
'Item not found.' 379 com.master3d.extreme.rooftop.stunt.battle.derby
'Item not found.' 380 com.yellowshark.fazzenda1
'Item not found.' 381 jp.miyamon.chiletsumo.android
'Item not found.' 382 be.gauquie.bart.elevateme
'Item not found.' 383 com.boomboom.pocketscale
'Item not found.' 384 com.yobibytegames.wartanksfree2
com.firasoft.embuscadossonhos
'Item not found.' 386 com.mobaxe.excavatorsimulator.android
'Item not found.' 387 air.kshapochka
com.smashinggeeks.farmanimaltrucktransport
'Item not found.' 389 com.dankolab.bablomet
'Item not found.' 390 com.gempro.Numbers100
'Item not found.' 391 net.btgame.game60
com.ottogames.foxsimulator
com.mcapture.fishsplashinwater
'Item not found.' 394 com.sculfa.vrrelaxautumn